<?xml version="1.0" encoding="UTF-8"?>
<testng-results ignored="0" total="1" passed="0" failed="1" skipped="0">
  <reporter-output>
  </reporter-output>
  <suite started-at="2022-10-11T21:30:25 BST" name="Suite" finished-at="2022-10-11T21:30:26 BST" duration-ms="921">
    <groups>
      <group name="cucumber">
        <method signature="AbstractTestNGCucumberTests.runScenario(io.cucumber.testng.PickleWrapper,io.cucumber.testng.FeatureWrapper)[pri:0, instance:com.dbank.main.Runner@1b1426f4]" name="runScenario" class="io.cucumber.testng.AbstractTestNGCucumberTests"/>
      </group> <!-- cucumber -->
    </groups>
    <test started-at="2022-10-11T21:30:25 BST" name="Test" finished-at="2022-10-11T21:30:26 BST" duration-ms="921">
      <class name="com.dbank.main.Runner">
        <test-method is-config="true" signature="setUpClass()[pri:0, instance:com.dbank.main.Runner@1b1426f4]" started-at="2022-10-11T21:30:25 BST" name="setUpClass" finished-at="2022-10-11T21:30:26 BST" duration-ms="508" status="PASS">
          <reporter-output>
          </reporter-output>
        </test-method> <!-- setUpClass -->
        <test-method signature="runScenario(io.cucumber.testng.PickleWrapper,io.cucumber.testng.FeatureWrapper)[pri:0, instance:com.dbank.main.Runner@1b1426f4]" started-at="2022-10-11T21:30:26 BST" name="runScenario" description="Runs Cucumber Scenarios" data-provider="scenarios" finished-at="2022-10-11T21:30:26 BST" duration-ms="311" status="FAIL">
          <params>
            <param index="0">
              <value>
                <![CDATA["Application status end-points"]]>
              </value>
            </param>
            <param index="1">
              <value>
                <![CDATA["Optional[validate NACE list]"]]>
              </value>
            </param>
          </params>
          <exception class="java.lang.NullPointerException">
            <full-stacktrace>
              <![CDATA[java.lang.NullPointerException
at com.dbank.stepdefinitions.StepDefinitions.i_GET_the_details_for_NACE(StepDefinitions.java:16)
at ✽.I GET the details for NACE "398481"(file:///C:/Projects/RestAssuredAutomationFramework/src/main/resources/features/naceListValidation/NaceDetails.feature:5)
]]>
            </full-stacktrace>
          </exception> <!-- java.lang.NullPointerException -->
          <reporter-output>
          </reporter-output>
        </test-method> <!-- runScenario -->
        <test-method is-config="true" signature="tearDownClass()[pri:0, instance:com.dbank.main.Runner@1b1426f4]" started-at="2022-10-11T21:30:26 BST" name="tearDownClass" finished-at="2022-10-11T21:30:26 BST" duration-ms="18" status="PASS">
          <reporter-output>
          </reporter-output>
        </test-method> <!-- tearDownClass -->
      </class> <!-- com.dbank.main.Runner -->
    </test> <!-- Test -->
  </suite> <!-- Suite -->
</testng-results>
